

Started GET "/" for ::1 at 2015-10-29 21:20:59 +0700
Processing by Rails::WelcomeController#index as HTML
  Rendered /Users/trnthanhtu/.rbenv/versions/2.2.2/lib/ruby/gems/2.2.0/gems/railties-4.2.3/lib/rails/templates/rails/welcome/index.html.erb (6.2ms)
Completed 200 OK in 41ms (Views: 20.7ms)


Started GET "/" for ::1 at 2015-10-29 21:21:02 +0700
Processing by Rails::WelcomeController#index as HTML
  Rendered /Users/trnthanhtu/.rbenv/versions/2.2.2/lib/ruby/gems/2.2.0/gems/railties-4.2.3/lib/rails/templates/rails/welcome/index.html.erb (0.1ms)
Completed 200 OK in 3ms (Views: 3.1ms)


Started GET "/books" for ::1 at 2015-10-29 21:21:05 +0700
Processing by BooksController#index as HTML
  Rendered books/index.html.slim within layouts/application (30271.7ms)
Completed 500 Internal Server Error in 30300ms

ActionView::Template::Error (No server is available matching preference: #<Mongo::ServerSelector::Primary:0x007f9a96997c98 @tag_sets=[], @options={:database=>:demo_rails_mongodb_development}, @server_selection_timeout=30>):
    12:       th
    13: 
    14:   tbody
    15:     - @books.each do |book|
    16:       tr
    17:         td = book.name
    18:         td = book.type
  app/views/books/index.html.slim:15:in `_app_views_books_index_html_slim__895289391982859125_70150936011700'


  Rendered /Users/trnthanhtu/.rbenv/versions/2.2.2/lib/ruby/gems/2.2.0/gems/actionpack-4.2.3/lib/action_dispatch/middleware/templates/rescues/_source.erb (9.0ms)
  Rendered /Users/trnthanhtu/.rbenv/versions/2.2.2/lib/ruby/gems/2.2.0/gems/actionpack-4.2.3/lib/action_dispatch/middleware/templates/rescues/_trace.html.erb (4.1ms)
  Rendered /Users/trnthanhtu/.rbenv/versions/2.2.2/lib/ruby/gems/2.2.0/gems/actionpack-4.2.3/lib/action_dispatch/middleware/templates/rescues/_request_and_response.html.erb (1.5ms)
  Rendered /Users/trnthanhtu/.rbenv/versions/2.2.2/lib/ruby/gems/2.2.0/gems/actionpack-4.2.3/lib/action_dispatch/middleware/templates/rescues/template_error.html.erb within rescues/layout (115.8ms)
  Rendered /Users/trnthanhtu/.rbenv/versions/2.2.2/lib/ruby/gems/2.2.0/gems/web-console-2.2.1/lib/web_console/templates/_markup.html.erb (0.7ms)
  Rendered /Users/trnthanhtu/.rbenv/versions/2.2.2/lib/ruby/gems/2.2.0/gems/web-console-2.2.1/lib/web_console/templates/_inner_console_markup.html.erb within layouts/inlined_string (0.5ms)
  Rendered /Users/trnthanhtu/.rbenv/versions/2.2.2/lib/ruby/gems/2.2.0/gems/web-console-2.2.1/lib/web_console/templates/_prompt_box_markup.html.erb within layouts/inlined_string (0.5ms)
  Rendered /Users/trnthanhtu/.rbenv/versions/2.2.2/lib/ruby/gems/2.2.0/gems/web-console-2.2.1/lib/web_console/templates/style.css.erb within layouts/inlined_string (0.5ms)
  Rendered /Users/trnthanhtu/.rbenv/versions/2.2.2/lib/ruby/gems/2.2.0/gems/web-console-2.2.1/lib/web_console/templates/console.js.erb within layouts/javascript (93.1ms)
  Rendered /Users/trnthanhtu/.rbenv/versions/2.2.2/lib/ruby/gems/2.2.0/gems/web-console-2.2.1/lib/web_console/templates/main.js.erb within layouts/javascript (0.8ms)
  Rendered /Users/trnthanhtu/.rbenv/versions/2.2.2/lib/ruby/gems/2.2.0/gems/web-console-2.2.1/lib/web_console/templates/error_page.js.erb within layouts/javascript (0.9ms)
  Rendered /Users/trnthanhtu/.rbenv/versions/2.2.2/lib/ruby/gems/2.2.0/gems/web-console-2.2.1/lib/web_console/templates/index.html.erb (219.4ms)


Started GET "/books" for ::1 at 2015-10-29 21:25:18 +0700
Processing by BooksController#index as HTML
  Rendered books/index.html.slim within layouts/application (30222.3ms)
Completed 500 Internal Server Error in 30278ms

ActionView::Template::Error (No server is available matching preference: #<Mongo::ServerSelector::Primary:0x007fc4ea709700 @tag_sets=[], @options={:database=>:demo_rails_mongodb_development}, @server_selection_timeout=30>):
    12:       th
    13: 
    14:   tbody
    15:     - @books.each do |book|
    16:       tr
    17:         td = book.name
    18:         td = book.type
  app/views/books/index.html.slim:15:in `_app_views_books_index_html_slim__2924886632742256573_70241875848200'


  Rendered /Users/trnthanhtu/.rbenv/versions/2.2.2/lib/ruby/gems/2.2.0/gems/actionpack-4.2.3/lib/action_dispatch/middleware/templates/rescues/_source.erb (10.4ms)
  Rendered /Users/trnthanhtu/.rbenv/versions/2.2.2/lib/ruby/gems/2.2.0/gems/actionpack-4.2.3/lib/action_dispatch/middleware/templates/rescues/_trace.html.erb (3.5ms)
  Rendered /Users/trnthanhtu/.rbenv/versions/2.2.2/lib/ruby/gems/2.2.0/gems/actionpack-4.2.3/lib/action_dispatch/middleware/templates/rescues/_request_and_response.html.erb (3.7ms)
  Rendered /Users/trnthanhtu/.rbenv/versions/2.2.2/lib/ruby/gems/2.2.0/gems/actionpack-4.2.3/lib/action_dispatch/middleware/templates/rescues/template_error.html.erb within rescues/layout (118.3ms)
  Rendered /Users/trnthanhtu/.rbenv/versions/2.2.2/lib/ruby/gems/2.2.0/gems/web-console-2.2.1/lib/web_console/templates/_markup.html.erb (0.8ms)
  Rendered /Users/trnthanhtu/.rbenv/versions/2.2.2/lib/ruby/gems/2.2.0/gems/web-console-2.2.1/lib/web_console/templates/_inner_console_markup.html.erb within layouts/inlined_string (0.6ms)
  Rendered /Users/trnthanhtu/.rbenv/versions/2.2.2/lib/ruby/gems/2.2.0/gems/web-console-2.2.1/lib/web_console/templates/_prompt_box_markup.html.erb within layouts/inlined_string (0.5ms)
  Rendered /Users/trnthanhtu/.rbenv/versions/2.2.2/lib/ruby/gems/2.2.0/gems/web-console-2.2.1/lib/web_console/templates/style.css.erb within layouts/inlined_string (0.9ms)
  Rendered /Users/trnthanhtu/.rbenv/versions/2.2.2/lib/ruby/gems/2.2.0/gems/web-console-2.2.1/lib/web_console/templates/console.js.erb within layouts/javascript (122.1ms)
  Rendered /Users/trnthanhtu/.rbenv/versions/2.2.2/lib/ruby/gems/2.2.0/gems/web-console-2.2.1/lib/web_console/templates/main.js.erb within layouts/javascript (0.5ms)
  Rendered /Users/trnthanhtu/.rbenv/versions/2.2.2/lib/ruby/gems/2.2.0/gems/web-console-2.2.1/lib/web_console/templates/error_page.js.erb within layouts/javascript (1.1ms)
  Rendered /Users/trnthanhtu/.rbenv/versions/2.2.2/lib/ruby/gems/2.2.0/gems/web-console-2.2.1/lib/web_console/templates/index.html.erb (273.9ms)


Started GET "/books" for ::1 at 2015-10-29 21:28:09 +0700
Processing by BooksController#index as HTML
  Rendered books/index.html.slim within layouts/application (44.8ms)
Completed 200 OK in 1699ms (Views: 1659.9ms)


Started GET "/assets/books.self-e3b0c44298fc1c149afbf4c8996fb92427ae41e4649b934ca495991b7852b855.css?body=1" for ::1 at 2015-10-29 21:28:11 +0700


Started GET "/assets/jquery_ujs.self-d456baa54c1fa6be2ec3711f0a72ddf7a5b2f34a6b4f515f33767d6207b7d4b3.js?body=1" for ::1 at 2015-10-29 21:28:11 +0700


Started GET "/assets/turbolinks.self-c37727e9bd6b2735da5c311aa83fead54ed0be6cc8bd9a65309e9c5abe2cbfff.js?body=1" for ::1 at 2015-10-29 21:28:11 +0700


Started GET "/assets/scaffolds.self-1311dea324bd09a690a37377f869f9ad82a9562bfb283663a3b60fbc18f27543.css?body=1" for ::1 at 2015-10-29 21:28:11 +0700


Started GET "/assets/jquery.self-a714331225dda820228db323939889f149aec0127aeb06255646b616ba1ca419.js?body=1" for ::1 at 2015-10-29 21:28:11 +0700


Started GET "/assets/application.self-e80e8f2318043e8af94dddc2adad5a4f09739a8ebb323b3ab31cd71d45fd9113.css?body=1" for ::1 at 2015-10-29 21:28:11 +0700


Started GET "/assets/application.self-3b8dabdc891efe46b9a144b400ad69e37d7e5876bdc39dee783419a69d7ca819.js?body=1" for ::1 at 2015-10-29 21:28:11 +0700


Started GET "/assets/books.self-877aef30ae1b040ab8a3aba4e3e309a11d7f2612f44dde450b5c157aa5f95c05.js?body=1" for ::1 at 2015-10-29 21:28:11 +0700


Started GET "/books/new" for ::1 at 2015-10-29 21:28:13 +0700
Processing by BooksController#new as HTML
  Rendered books/_form.html.slim (77.3ms)
  Rendered books/new.html.slim within layouts/application (88.7ms)
Completed 200 OK in 157ms (Views: 155.8ms)


Started POST "/books" for ::1 at 2015-10-29 21:28:59 +0700
Processing by BooksController#create as HTML
  Parameters: {"utf8"=>"✓", "authenticity_token"=>"WDpG/FmoivYwTSgGIUlgMcPQD70MC/7IWo4fr0L9R1l5BN+Ofr/uskl2DlFcJIdYnjDdhZKXvTchNV/J99Q/pw==", "book"=>{"name"=>"Doraemon", "type"=>"Comic", "auth"=>"Japan auth", "price"=>"15"}, "commit"=>"Create Book"}
Redirected to http://localhost:3000/books/56322d2b7e65150793000000
Completed 302 Found in 322ms


Started GET "/books/56322d2b7e65150793000000" for ::1 at 2015-10-29 21:28:59 +0700
Processing by BooksController#show as HTML
  Parameters: {"id"=>"56322d2b7e65150793000000"}
  Rendered books/show.html.slim within layouts/application (21.2ms)
Completed 200 OK in 102ms (Views: 92.8ms)
